2025-10-25 17:30:44 [INFO] 🚀 메인 실행 시작 (모의투자)
2025-10-25 17:30:44 [ERROR] ❌ main() 실행 중 오류 발생: ❌ 시세 조회 실패: {"rt_cd":"1","msg1":"기간이 만료된 token 입니다.","msg_cd":"EGW00123"}
Traceback (most recent call last):
  File "/Users/kook/Desktop/trading_project/utils/logger.py", line 73, in wrapper
    return func(*args, **kwargs)
  File "main.py", line 10, in main
    price = get_price("005930")
  File "/Users/kook/Desktop/trading_project/utils/data_handler.py", line 22, in get_price
    raise ConnectionError(f"❌ 시세 조회 실패: {res.text}")
ConnectionError: ❌ 시세 조회 실패: {"rt_cd":"1","msg1":"기간이 만료된 token 입니다.","msg_cd":"EGW00123"}
2025-10-25 17:35:49 [INFO] 🚀 메인 실행 시작 (모의투자)
2025-10-25 17:35:49 [ERROR] ❌ main() 실행 중 오류 발생: ❌ 시세 조회 실패: {"rt_cd":"1","msg1":"기간이 만료된 token 입니다.","msg_cd":"EGW00123"}
Traceback (most recent call last):
  File "/Users/kook/Desktop/trading_project/utils/logger.py", line 73, in wrapper
    return func(*args, **kwargs)
  File "main.py", line 10, in main
    price = get_price("005930")
  File "/Users/kook/Desktop/trading_project/utils/data_handler.py", line 22, in get_price
    raise ConnectionError(f"❌ 시세 조회 실패: {res.text}")
ConnectionError: ❌ 시세 조회 실패: {"rt_cd":"1","msg1":"기간이 만료된 token 입니다.","msg_cd":"EGW00123"}
2025-10-25 17:40:51 [INFO] 🚀 메인 실행 시작 (모의투자)
2025-10-25 17:40:52 [INFO] 005930 현재가: 98,800원
2025-10-25 17:40:53 [INFO] 005930: 일봉 데이터 30건 수신
2025-10-25 17:40:54 [INFO] 현재 잔고 종목 수: 0개
2025-10-25 17:40:54 [INFO] ✅ 메인 실행 완료
2025-10-25 17:50:27 [INFO] 🚀 메인 실행 시작 (모멘텀 전략)
2025-10-25 17:50:27 [INFO] 📁 현재 종목 파일 로드 완료 (개수: 10)
2025-10-25 17:50:27 [INFO] 📁 후보 종목 파일 로드 완료 (개수: 20)
2025-10-25 17:50:27 [INFO] 📊 모멘텀 전략 시작 (종목 수: 10)
2025-10-25 17:50:27 [INFO] 005930: 일봉 데이터 30건 수신
2025-10-25 17:50:28 [INFO] 005930: 모멘텀=18.32%, 신호=BUY
2025-10-25 17:50:28 [INFO] 000660: 일봉 데이터 30건 수신
2025-10-25 17:50:30 [INFO] 000660: 모멘텀=45.30%, 신호=BUY
2025-10-25 17:50:30 [INFO] 051910: 일봉 데이터 30건 수신
2025-10-25 17:50:31 [INFO] 051910: 모멘텀=35.93%, 신호=BUY
2025-10-25 17:50:31 [INFO] 035420: 일봉 데이터 30건 수신
2025-10-25 17:50:32 [INFO] 035420: 모멘텀=6.47%, 신호=BUY
2025-10-25 17:50:32 [INFO] 068270: 일봉 데이터 30건 수신
2025-10-25 17:50:33 [INFO] 068270: 모멘텀=2.25%, 신호=BUY
2025-10-25 17:50:33 [INFO] 207940: 일봉 데이터 30건 수신
2025-10-25 17:50:34 [INFO] 207940: 모멘텀=14.81%, 신호=BUY
2025-10-25 17:50:34 [INFO] 005380: 일봉 데이터 30건 수신
2025-10-25 17:50:35 [INFO] 005380: 모멘텀=15.83%, 신호=BUY
2025-10-25 17:50:35 [INFO] 105560: 일봉 데이터 30건 수신
2025-10-25 17:50:37 [INFO] 105560: 모멘텀=-2.65%, 신호=SELL
2025-10-25 17:50:37 [INFO] 006400: 일봉 데이터 30건 수신
2025-10-25 17:50:38 [INFO] 006400: 모멘텀=41.20%, 신호=BUY
2025-10-25 17:50:38 [INFO] 028260: 일봉 데이터 30건 수신
2025-10-25 17:50:39 [INFO] 028260: 모멘텀=5.72%, 신호=BUY
2025-10-25 17:50:39 [INFO] ✅ 모멘텀 전략 완료
2025-10-25 17:50:39 [INFO] ✅ 메인 실행 완료
2025-10-25 18:06:47 [INFO] 🚀 메인 실행 시작 (모멘텀 + 리스크 필터)
2025-10-25 18:06:47 [INFO] 📁 현재 종목 파일 로드 완료 (개수: 10)
2025-10-25 18:06:47 [INFO] 📁 후보 종목 파일 로드 완료 (개수: 20)
2025-10-25 18:06:47 [INFO] 📊 모멘텀 전략 시작 (종목 수: 10)
2025-10-25 18:06:47 [INFO] 005930: 일봉 데이터 30건 수신
2025-10-25 18:06:48 [INFO] 005930: 모멘텀=18.32%, 신호=BUY
2025-10-25 18:06:49 [INFO] 000660: 일봉 데이터 30건 수신
2025-10-25 18:06:50 [INFO] 000660: 모멘텀=45.30%, 신호=BUY
2025-10-25 18:06:50 [INFO] 051910: 일봉 데이터 30건 수신
2025-10-25 18:06:51 [INFO] 051910: 모멘텀=35.93%, 신호=BUY
2025-10-25 18:06:51 [INFO] 035420: 일봉 데이터 30건 수신
2025-10-25 18:06:52 [INFO] 035420: 모멘텀=6.47%, 신호=BUY
2025-10-25 18:06:52 [INFO] 068270: 일봉 데이터 30건 수신
2025-10-25 18:06:53 [INFO] 068270: 모멘텀=2.25%, 신호=BUY
2025-10-25 18:06:53 [INFO] 207940: 일봉 데이터 30건 수신
2025-10-25 18:06:54 [INFO] 207940: 모멘텀=14.81%, 신호=BUY
2025-10-25 18:06:54 [INFO] 005380: 일봉 데이터 30건 수신
2025-10-25 18:06:55 [INFO] 005380: 모멘텀=15.83%, 신호=BUY
2025-10-25 18:06:56 [INFO] 105560: 일봉 데이터 30건 수신
2025-10-25 18:06:57 [INFO] 105560: 모멘텀=-2.65%, 신호=SELL
2025-10-25 18:06:57 [INFO] 006400: 일봉 데이터 30건 수신
2025-10-25 18:06:58 [INFO] 006400: 모멘텀=41.20%, 신호=BUY
2025-10-25 18:06:58 [INFO] 028260: 일봉 데이터 30건 수신
2025-10-25 18:06:59 [INFO] 028260: 모멘텀=5.72%, 신호=BUY
2025-10-25 18:06:59 [INFO] ✅ 모멘텀 전략 완료
2025-10-25 18:06:59 [INFO] 005930: 익절 기준 도달 (18.32%) → 매도 고려
2025-10-25 18:06:59 [INFO] 000660: 익절 기준 도달 (45.30%) → 매도 고려
2025-10-25 18:06:59 [INFO] 051910: 익절 기준 도달 (35.93%) → 매도 고려
2025-10-25 18:06:59 [INFO] 035420: 리스크 통과 (최대 투자금 1,000,000원)
2025-10-25 18:06:59 [INFO] 068270: 리스크 통과 (최대 투자금 1,000,000원)
2025-10-25 18:06:59 [INFO] 207940: 익절 기준 도달 (14.81%) → 매도 고려
2025-10-25 18:06:59 [INFO] 005380: 익절 기준 도달 (15.83%) → 매도 고려
2025-10-25 18:06:59 [INFO] 105560: 리스크 통과 (최대 투자금 1,000,000원)
2025-10-25 18:06:59 [INFO] 006400: 익절 기준 도달 (41.20%) → 매도 고려
2025-10-25 18:06:59 [INFO] 028260: 리스크 통과 (최대 투자금 1,000,000원)
2025-10-25 18:06:59 [INFO] ✅ 리스크 필터 통과 종목 수: 4 / 10
2025-10-25 18:06:59 [INFO] 🎯 최종 매매 대상 종목: ['035420', '068270', '105560', '028260']
2025-10-25 18:06:59 [INFO] ✅ 메인 실행 완료
2025-10-25 19:51:48 [INFO] 🚀 주간 종목 업데이트 + 백테스트 실행
2025-10-25 19:51:48 [INFO] 📁 현재 종목 로드 완료 (10개)
2025-10-25 19:51:48 [INFO] 📁 후보 종목 로드 완료 (20개)
2025-10-25 19:51:48 [INFO] 🚀 종목 업데이트 + 백테스트 루프 시작
2025-10-25 19:51:48 [INFO] 📊 현재 포트폴리오 수익률 계산 시작
2025-10-25 19:51:48 [INFO] 005930: 일봉 데이터 30건 수신
2025-10-25 19:51:49 [INFO] 005930: 주간 수익률 0.71%
2025-10-25 19:51:49 [INFO] 000660: 일봉 데이터 30건 수신
2025-10-25 19:51:50 [INFO] 000660: 주간 수익률 5.05%
2025-10-25 19:51:50 [INFO] 051910: 일봉 데이터 30건 수신
2025-10-25 19:51:52 [INFO] 051910: 주간 수익률 15.40%
2025-10-25 19:51:52 [INFO] 035420: 일봉 데이터 30건 수신
2025-10-25 19:51:53 [INFO] 035420: 주간 수익률 -4.26%
2025-10-25 19:51:53 [INFO] 068270: 일봉 데이터 30건 수신
2025-10-25 19:51:54 [INFO] 068270: 주간 수익률 -2.37%
2025-10-25 19:51:54 [INFO] 207940: 일봉 데이터 30건 수신
2025-10-25 19:51:55 [INFO] 207940: 주간 수익률 3.79%
2025-10-25 19:51:55 [INFO] 005380: 일봉 데이터 30건 수신
2025-10-25 19:51:56 [INFO] 005380: 주간 수익률 1.81%
2025-10-25 19:51:56 [INFO] 105560: 일봉 데이터 30건 수신
2025-10-25 19:51:57 [INFO] 105560: 주간 수익률 -3.72%
2025-10-25 19:51:57 [INFO] 006400: 일봉 데이터 30건 수신
2025-10-25 19:51:59 [INFO] 006400: 주간 수익률 12.48%
2025-10-25 19:51:59 [INFO] 028260: 일봉 데이터 30건 수신
2025-10-25 19:52:00 [INFO] 028260: 주간 수익률 0.48%
2025-10-25 19:52:00 [INFO] 📉 기준 이하 종목 수: 3
2025-10-25 19:52:00 [INFO] 📈 후보 종목 수익률 계산 중...
2025-10-25 19:52:00 [INFO] 005930: 일봉 데이터 30건 수신
2025-10-25 19:52:01 [INFO] 000660: 일봉 데이터 30건 수신
2025-10-25 19:52:02 [INFO] 051910: 일봉 데이터 30건 수신
2025-10-25 19:52:03 [INFO] 035420: 일봉 데이터 30건 수신
2025-10-25 19:52:04 [INFO] 068270: 일봉 데이터 30건 수신
2025-10-25 19:52:06 [INFO] 207940: 일봉 데이터 30건 수신
2025-10-25 19:52:07 [INFO] 005380: 일봉 데이터 30건 수신
2025-10-25 19:52:08 [INFO] 105560: 일봉 데이터 30건 수신
2025-10-25 19:52:09 [INFO] 006400: 일봉 데이터 30건 수신
2025-10-25 19:52:10 [INFO] 028260: 일봉 데이터 30건 수신
2025-10-25 19:52:12 [INFO] 034730: 일봉 데이터 30건 수신
2025-10-25 19:52:13 [INFO] 003550: 일봉 데이터 30건 수신
2025-10-25 19:52:14 [INFO] 010950: 일봉 데이터 30건 수신
2025-10-25 19:52:15 [INFO] 011170: 일봉 데이터 30건 수신
2025-10-25 19:52:16 [INFO] 032830: 일봉 데이터 30건 수신
2025-10-25 19:52:17 [INFO] 017670: 일봉 데이터 30건 수신
2025-10-25 19:52:19 [INFO] 000270: 일봉 데이터 30건 수신
2025-10-25 19:52:20 [INFO] 035720: 일봉 데이터 30건 수신
2025-10-25 19:52:21 [INFO] 018260: 일봉 데이터 30건 수신
2025-10-25 19:52:22 [INFO] 012330: 일봉 데이터 30건 수신
2025-10-25 19:52:23 [INFO] 🔄 교체 완료 → 3개 종목 교체됨
2025-10-25 19:52:23 [INFO] 📁 새로운 종목 리스트: ['005930', '000660', '051910', '207940', '005380', '006400', '028260', '010950']
2025-10-25 19:52:23 [INFO] 💾 current_stocks.json 업데이트 완료 (총 8개)
2025-10-25 19:52:23 [INFO] 🧮 백테스트 시작
2025-10-25 19:52:23 [INFO] 005930: 일봉 데이터 30건 수신
2025-10-25 19:52:25 [INFO] 000660: 일봉 데이터 30건 수신
2025-10-25 19:52:26 [INFO] 051910: 일봉 데이터 30건 수신
2025-10-25 19:52:27 [INFO] 207940: 일봉 데이터 30건 수신
2025-10-25 19:52:28 [INFO] 005380: 일봉 데이터 30건 수신
2025-10-25 19:52:29 [INFO] 006400: 일봉 데이터 30건 수신
2025-10-25 19:52:30 [INFO] 028260: 일봉 데이터 30건 수신
2025-10-25 19:52:32 [INFO] 010950: 일봉 데이터 30건 수신
2025-10-25 19:52:33 [INFO] 📊 백테스트 결과 → 수익률=36.39%, 변동성=21.90%, Sharpe=1.66
2025-10-25 19:52:33 [INFO] ✅ 백테스트 통과 → 포트폴리오 확정
2025-10-25 19:52:33 [INFO] 💾 current_stocks.json 업데이트 완료 (총 8개)
2025-10-25 19:52:33 [INFO] ✅ 주간 포트폴리오 업데이트 완료
2025-10-25 19:52:33 [INFO] ✅ 전체 루프 완료
2025-10-25 20:05:25 [INFO] 🚀 주간 종목 업데이트 + 백테스트 실행
2025-10-25 20:05:25 [INFO] 📁 현재 종목 로드 완료 (10개)
2025-10-25 20:05:25 [INFO] 📁 후보 종목 로드 완료 (20개)
2025-10-25 20:05:25 [INFO] 🚀 종목 업데이트 + 백테스트 루프 시작
2025-10-25 20:05:25 [INFO] 📊 현재 포트폴리오 수익률 계산 시작
2025-10-25 20:05:25 [INFO] 005930: 일봉 데이터 30건 수신
2025-10-25 20:05:26 [INFO] 005930: 주간 수익률 0.71%
2025-10-25 20:05:26 [INFO] 000660: 일봉 데이터 30건 수신
2025-10-25 20:05:27 [INFO] 000660: 주간 수익률 5.05%
2025-10-25 20:05:27 [INFO] 051910: 일봉 데이터 30건 수신
2025-10-25 20:05:27 [INFO] 051910: 주간 수익률 15.40%
2025-10-25 20:05:27 [INFO] 035420: 일봉 데이터 30건 수신
2025-10-25 20:05:28 [INFO] 035420: 주간 수익률 -4.26%
2025-10-25 20:05:28 [INFO] 068270: 일봉 데이터 30건 수신
2025-10-25 20:05:29 [INFO] 068270: 주간 수익률 -2.37%
2025-10-25 20:05:29 [INFO] 207940: 일봉 데이터 30건 수신
2025-10-25 20:05:29 [INFO] 207940: 주간 수익률 3.79%
2025-10-25 20:05:29 [INFO] 005380: 일봉 데이터 30건 수신
2025-10-25 20:05:30 [INFO] 005380: 주간 수익률 1.81%
2025-10-25 20:05:30 [INFO] 105560: 일봉 데이터 30건 수신
2025-10-25 20:05:31 [INFO] 105560: 주간 수익률 -3.72%
2025-10-25 20:05:31 [INFO] 006400: 일봉 데이터 30건 수신
2025-10-25 20:05:31 [INFO] 006400: 주간 수익률 12.48%
2025-10-25 20:05:31 [INFO] 028260: 일봉 데이터 30건 수신
2025-10-25 20:05:32 [INFO] 028260: 주간 수익률 0.48%
2025-10-25 20:05:32 [INFO] 📉 기준 이하 종목 수: 3
2025-10-25 20:05:32 [INFO] 📈 후보 종목 수익률 계산 중... (보유 중 종목 제외 후 10개)
2025-10-25 20:05:32 [INFO] 034730: 일봉 데이터 30건 수신
2025-10-25 20:05:33 [INFO] 003550: 일봉 데이터 30건 수신
2025-10-25 20:05:35 [INFO] 010950: 일봉 데이터 30건 수신
2025-10-25 20:05:36 [INFO] 011170: 일봉 데이터 30건 수신
2025-10-25 20:05:37 [INFO] 032830: 일봉 데이터 30건 수신
2025-10-25 20:05:38 [INFO] 017670: 일봉 데이터 30건 수신
2025-10-25 20:05:40 [INFO] 000270: 일봉 데이터 30건 수신
2025-10-25 20:05:41 [INFO] 035720: 일봉 데이터 30건 수신
2025-10-25 20:05:42 [INFO] 018260: 일봉 데이터 30건 수신
2025-10-25 20:05:44 [INFO] 012330: 일봉 데이터 30건 수신
2025-10-25 20:05:45 [INFO] 🔄 교체 완료 → 3개 종목 교체됨
2025-10-25 20:05:45 [INFO] 📁 새로운 종목 리스트 (총 10개): ['005930', '000660', '051910', '207940', '005380', '006400', '028260', '010950', '011170', '034730']
2025-10-25 20:05:45 [INFO] 💾 current_stocks.json 업데이트 완료 (총 10개)
2025-10-25 20:05:45 [INFO] 🧮 백테스트 시작
2025-10-25 20:05:45 [INFO] 005930: 일봉 데이터 30건 수신
2025-10-25 20:05:46 [INFO] 000660: 일봉 데이터 30건 수신
2025-10-25 20:05:46 [INFO] 051910: 일봉 데이터 30건 수신
2025-10-25 20:05:47 [INFO] 207940: 일봉 데이터 30건 수신
2025-10-25 20:05:48 [INFO] 005380: 일봉 데이터 30건 수신
2025-10-25 20:05:48 [INFO] 006400: 일봉 데이터 30건 수신
2025-10-25 20:05:49 [INFO] 028260: 일봉 데이터 30건 수신
2025-10-25 20:05:50 [INFO] 010950: 일봉 데이터 30건 수신
2025-10-25 20:05:50 [INFO] 011170: 일봉 데이터 30건 수신
2025-10-25 20:05:51 [INFO] 034730: 일봉 데이터 30건 수신
2025-10-25 20:05:51 [INFO] 📊 백테스트 결과 → 수익률=32.40%, 변동성=21.24%, Sharpe=1.53
2025-10-25 20:05:51 [INFO] ✅ 백테스트 통과 → 포트폴리오 확정
2025-10-25 20:05:51 [INFO] 💾 current_stocks.json 업데이트 완료 (총 10개)
2025-10-25 20:05:51 [INFO] ✅ 주간 포트폴리오 업데이트 완료
2025-10-25 20:05:51 [INFO] ✅ 전체 루프 완료
2025-10-25 20:18:23 [INFO] 🚀 시스템 트레이딩 실행 시작 (모의투자)
2025-10-25 20:18:23 [INFO] 🔑 Access Token 발급 완료
2025-10-25 20:18:23 [INFO] 📁 현재 종목 로드 완료 (10개)
2025-10-25 20:18:23 [INFO] 📁 후보 종목 로드 완료 (20개)
2025-10-25 20:18:23 [INFO] 🚀 종목 업데이트 + 백테스트 루프 시작
2025-10-25 20:18:23 [INFO] 📊 현재 포트폴리오 수익률 계산 시작
2025-10-25 20:18:23 [INFO] 005930: 일봉 데이터 30건 수신
2025-10-25 20:18:24 [INFO] 005930: 주간 수익률 0.71%
2025-10-25 20:18:24 [INFO] 000660: 일봉 데이터 30건 수신
2025-10-25 20:18:25 [INFO] 000660: 주간 수익률 5.05%
2025-10-25 20:18:25 [INFO] 051910: 일봉 데이터 30건 수신
2025-10-25 20:18:25 [INFO] 051910: 주간 수익률 15.40%
2025-10-25 20:18:25 [INFO] 207940: 일봉 데이터 30건 수신
2025-10-25 20:18:26 [INFO] 207940: 주간 수익률 3.79%
2025-10-25 20:18:26 [INFO] 005380: 일봉 데이터 30건 수신
2025-10-25 20:18:27 [INFO] 005380: 주간 수익률 1.81%
2025-10-25 20:18:27 [INFO] 006400: 일봉 데이터 30건 수신
2025-10-25 20:18:27 [INFO] 006400: 주간 수익률 12.48%
2025-10-25 20:18:27 [INFO] 028260: 일봉 데이터 30건 수신
2025-10-25 20:18:28 [INFO] 028260: 주간 수익률 0.48%
2025-10-25 20:18:28 [INFO] 010950: 일봉 데이터 30건 수신
2025-10-25 20:18:29 [INFO] 010950: 주간 수익률 10.96%
2025-10-25 20:18:29 [INFO] 011170: 일봉 데이터 30건 수신
2025-10-25 20:18:29 [INFO] 011170: 주간 수익률 6.56%
2025-10-25 20:18:29 [INFO] 034730: 일봉 데이터 30건 수신
2025-10-25 20:18:30 [INFO] 034730: 주간 수익률 5.79%
2025-10-25 20:18:30 [INFO] 📉 기준 이하 종목 수: 0
2025-10-25 20:18:30 [INFO] ✅ 교체 불필요 (모든 종목 유지)
2025-10-25 20:18:30 [INFO] 🧮 백테스트 시작
2025-10-25 20:18:30 [INFO] 005930: 일봉 데이터 30건 수신
2025-10-25 20:18:31 [INFO] 000660: 일봉 데이터 30건 수신
2025-10-25 20:18:31 [INFO] 051910: 일봉 데이터 30건 수신
2025-10-25 20:18:32 [INFO] 207940: 일봉 데이터 30건 수신
2025-10-25 20:18:33 [INFO] 005380: 일봉 데이터 30건 수신
2025-10-25 20:18:33 [INFO] 006400: 일봉 데이터 30건 수신
2025-10-25 20:18:34 [INFO] 028260: 일봉 데이터 30건 수신
2025-10-25 20:18:35 [INFO] 010950: 일봉 데이터 30건 수신
2025-10-25 20:18:35 [INFO] 011170: 일봉 데이터 30건 수신
2025-10-25 20:18:36 [INFO] 034730: 일봉 데이터 30건 수신
2025-10-25 20:18:37 [INFO] 📊 백테스트 결과 → 수익률=32.40%, 변동성=21.24%, Sharpe=1.53
2025-10-25 20:18:37 [INFO] ✅ 백테스트 통과 → 포트폴리오 확정
2025-10-25 20:18:37 [INFO] 💾 current_stocks.json 업데이트 완료 (총 10개)
2025-10-25 20:18:37 [INFO] ✅ 주간 포트폴리오 업데이트 완료
2025-10-25 20:18:37 [ERROR] ❌ main() 실행 중 오류 발생: [Errno 2] No such file or directory: '../utils/stocks/current_stocks.json'
Traceback (most recent call last):
  File "/Users/kook/Desktop/trading_project/utils/logger.py", line 73, in wrapper
    return func(*args, **kwargs)
  File "main.py", line 86, in main
    with open(config_path, "r", encoding="utf-8") as f:
FileNotFoundError: [Errno 2] No such file or directory: '../utils/stocks/current_stocks.json'
2025-10-25 20:35:07 [INFO] 🚀 시스템 트레이딩 실행 시작 (모의투자)
2025-10-25 20:35:07 [INFO] 🔑 Access Token 발급 완료
2025-10-25 20:35:07 [INFO] 📁 현재 종목 로드 완료 (10개)
2025-10-25 20:35:07 [INFO] 📁 후보 종목 로드 완료 (20개)
2025-10-25 20:35:07 [INFO] 🚀 종목 업데이트 + 백테스트 루프 시작
2025-10-25 20:35:07 [INFO] 📊 현재 포트폴리오 수익률 계산 시작
2025-10-25 20:35:07 [INFO] 005930: 일봉 데이터 30건 수신
2025-10-25 20:35:08 [INFO] 005930: 주간 수익률 0.71%
2025-10-25 20:35:08 [INFO] 000660: 일봉 데이터 30건 수신
2025-10-25 20:35:08 [INFO] 000660: 주간 수익률 5.05%
2025-10-25 20:35:08 [INFO] 051910: 일봉 데이터 30건 수신
2025-10-25 20:35:09 [INFO] 051910: 주간 수익률 15.40%
2025-10-25 20:35:09 [INFO] 207940: 일봉 데이터 30건 수신
2025-10-25 20:35:10 [INFO] 207940: 주간 수익률 3.79%
2025-10-25 20:35:10 [INFO] 005380: 일봉 데이터 30건 수신
2025-10-25 20:35:10 [INFO] 005380: 주간 수익률 1.81%
2025-10-25 20:35:10 [INFO] 006400: 일봉 데이터 30건 수신
2025-10-25 20:35:11 [INFO] 006400: 주간 수익률 12.48%
2025-10-25 20:35:11 [INFO] 028260: 일봉 데이터 30건 수신
2025-10-25 20:35:12 [INFO] 028260: 주간 수익률 0.48%
2025-10-25 20:35:12 [INFO] 010950: 일봉 데이터 30건 수신
2025-10-25 20:35:12 [INFO] 010950: 주간 수익률 10.96%
2025-10-25 20:35:12 [INFO] 011170: 일봉 데이터 30건 수신
2025-10-25 20:35:13 [INFO] 011170: 주간 수익률 6.56%
2025-10-25 20:35:13 [INFO] 034730: 일봉 데이터 30건 수신
2025-10-25 20:35:14 [INFO] 034730: 주간 수익률 5.79%
2025-10-25 20:35:14 [INFO] 📉 기준 이하 종목 수: 0
2025-10-25 20:35:14 [INFO] ✅ 교체 불필요 (모든 종목 유지)
2025-10-25 20:35:14 [INFO] 🧮 백테스트 시작
2025-10-25 20:35:14 [INFO] 005930: 일봉 데이터 30건 수신
2025-10-25 20:35:14 [INFO] 000660: 일봉 데이터 30건 수신
2025-10-25 20:35:15 [INFO] 051910: 일봉 데이터 30건 수신
2025-10-25 20:35:16 [INFO] 207940: 일봉 데이터 30건 수신
2025-10-25 20:35:16 [INFO] 005380: 일봉 데이터 30건 수신
2025-10-25 20:35:17 [INFO] 006400: 일봉 데이터 30건 수신
2025-10-25 20:35:18 [INFO] 028260: 일봉 데이터 30건 수신
2025-10-25 20:35:18 [INFO] 010950: 일봉 데이터 30건 수신
2025-10-25 20:35:19 [INFO] 011170: 일봉 데이터 30건 수신
2025-10-25 20:35:20 [INFO] 034730: 일봉 데이터 30건 수신
2025-10-25 20:35:20 [INFO] 📊 백테스트 결과 → 수익률=32.40%, 변동성=21.24%, Sharpe=1.53
2025-10-25 20:35:20 [INFO] ✅ 백테스트 통과 → 포트폴리오 확정
2025-10-25 20:35:20 [INFO] 💾 current_stocks.json 업데이트 완료 (총 10개)
2025-10-25 20:35:20 [INFO] ✅ 주간 포트폴리오 업데이트 완료
2025-10-25 20:35:20 [INFO] 📁 현재 보유/대상 종목 (10개): ['005930', '000660', '051910', '207940', '005380', '006400', '028260', '010950', '011170', '034730']
2025-10-25 20:35:20 [INFO] 📁 현재 종목 파일 로드 완료 (개수: 10)
2025-10-25 20:35:20 [INFO] 📁 후보 종목 파일 로드 완료 (개수: 20)
2025-10-25 20:35:20 [INFO] 📊 모멘텀 전략 시작 (종목 수: 10)
2025-10-25 20:35:21 [INFO] 005930: 일봉 데이터 30건 수신
2025-10-25 20:35:22 [INFO] 005930: 모멘텀=18.32%, 신호=BUY
2025-10-25 20:35:22 [INFO] 000660: 일봉 데이터 30건 수신
2025-10-25 20:35:23 [INFO] 000660: 모멘텀=45.30%, 신호=BUY
2025-10-25 20:35:23 [INFO] 051910: 일봉 데이터 30건 수신
2025-10-25 20:35:24 [INFO] 051910: 모멘텀=35.93%, 신호=BUY
2025-10-25 20:35:24 [INFO] 207940: 일봉 데이터 30건 수신
2025-10-25 20:35:25 [INFO] 207940: 모멘텀=14.81%, 신호=BUY
2025-10-25 20:35:25 [INFO] 005380: 일봉 데이터 30건 수신
2025-10-25 20:35:26 [INFO] 005380: 모멘텀=15.83%, 신호=BUY
2025-10-25 20:35:26 [INFO] 006400: 일봉 데이터 30건 수신
2025-10-25 20:35:27 [INFO] 006400: 모멘텀=41.20%, 신호=BUY
2025-10-25 20:35:28 [INFO] 028260: 일봉 데이터 30건 수신
2025-10-25 20:35:29 [INFO] 028260: 모멘텀=5.72%, 신호=BUY
2025-10-25 20:35:29 [INFO] 010950: 일봉 데이터 30건 수신
2025-10-25 20:35:30 [INFO] 010950: 모멘텀=27.82%, 신호=BUY
2025-10-25 20:35:30 [INFO] 011170: 일봉 데이터 30건 수신
2025-10-25 20:35:31 [INFO] 011170: 모멘텀=16.46%, 신호=BUY
2025-10-25 20:35:31 [INFO] 034730: 일봉 데이터 30건 수신
2025-10-25 20:35:32 [INFO] 034730: 모멘텀=3.94%, 신호=BUY
2025-10-25 20:35:32 [INFO] ✅ 모멘텀 전략 완료
2025-10-25 20:35:32 [INFO] 005930: 익절 기준 도달 (18.32%) → 매도 고려
2025-10-25 20:35:32 [INFO] 000660: 익절 기준 도달 (45.30%) → 매도 고려
2025-10-25 20:35:32 [INFO] 051910: 익절 기준 도달 (35.93%) → 매도 고려
2025-10-25 20:35:32 [INFO] 207940: 익절 기준 도달 (14.81%) → 매도 고려
2025-10-25 20:35:32 [INFO] 005380: 익절 기준 도달 (15.83%) → 매도 고려
2025-10-25 20:35:32 [INFO] 006400: 익절 기준 도달 (41.20%) → 매도 고려
2025-10-25 20:35:32 [INFO] 028260: 리스크 통과 (최대 투자금 1,000,000원)
2025-10-25 20:35:32 [INFO] 010950: 익절 기준 도달 (27.82%) → 매도 고려
2025-10-25 20:35:32 [INFO] 011170: 익절 기준 도달 (16.46%) → 매도 고려
2025-10-25 20:35:32 [INFO] 034730: 리스크 통과 (최대 투자금 1,000,000원)
2025-10-25 20:35:32 [INFO] ✅ 리스크 필터 통과 종목 수: 2 / 10
2025-10-25 20:35:32 [INFO] 현재 잔고 종목 수: 0개
2025-10-25 20:35:32 [ERROR] ❌ main() 실행 중 오류 발생: The truth value of a DataFrame is ambiguous. Use a.empty, a.bool(), a.item(), a.any() or a.all().
Traceback (most recent call last):
  File "/Users/kook/Desktop/trading_project/utils/logger.py", line 73, in wrapper
    return func(*args, **kwargs)
  File "/Users/kook/Desktop/trading_project/main/trading_main.py", line 105, in main
    if not balance:
  File "/Users/kook/.pyenv/versions/3.8.18/lib/python3.8/site-packages/pandas/core/generic.py", line 1466, in __nonzero__
    raise ValueError(
ValueError: The truth value of a DataFrame is ambiguous. Use a.empty, a.bool(), a.item(), a.any() or a.all().
2025-10-25 20:40:08 [INFO] 🚀 시스템 트레이딩 실행 시작 (모의투자 모드)
2025-10-25 20:40:08 [INFO] 🔑 Access Token 발급 완료
2025-10-25 20:40:08 [INFO] 📁 현재 종목 로드 완료 (10개)
2025-10-25 20:40:08 [INFO] 📁 후보 종목 로드 완료 (20개)
2025-10-25 20:40:08 [INFO] 🚀 종목 업데이트 + 백테스트 루프 시작
2025-10-25 20:40:08 [INFO] 📊 현재 포트폴리오 수익률 계산 시작
2025-10-25 20:40:08 [INFO] 005930: 일봉 데이터 30건 수신
2025-10-25 20:40:09 [INFO] 005930: 주간 수익률 0.71%
2025-10-25 20:40:09 [INFO] 000660: 일봉 데이터 30건 수신
2025-10-25 20:40:10 [INFO] 000660: 주간 수익률 5.05%
2025-10-25 20:40:10 [INFO] 051910: 일봉 데이터 30건 수신
2025-10-25 20:40:10 [INFO] 051910: 주간 수익률 15.40%
2025-10-25 20:40:10 [INFO] 207940: 일봉 데이터 30건 수신
2025-10-25 20:40:11 [INFO] 207940: 주간 수익률 3.79%
2025-10-25 20:40:11 [INFO] 005380: 일봉 데이터 30건 수신
2025-10-25 20:40:12 [INFO] 005380: 주간 수익률 1.81%
2025-10-25 20:40:12 [INFO] 006400: 일봉 데이터 30건 수신
2025-10-25 20:40:12 [INFO] 006400: 주간 수익률 12.48%
2025-10-25 20:40:12 [INFO] 028260: 일봉 데이터 30건 수신
2025-10-25 20:40:13 [INFO] 028260: 주간 수익률 0.48%
2025-10-25 20:40:13 [INFO] 010950: 일봉 데이터 30건 수신
2025-10-25 20:40:14 [INFO] 010950: 주간 수익률 10.96%
2025-10-25 20:40:14 [INFO] 011170: 일봉 데이터 30건 수신
2025-10-25 20:40:14 [INFO] 011170: 주간 수익률 6.56%
2025-10-25 20:40:14 [INFO] 034730: 일봉 데이터 30건 수신
2025-10-25 20:40:15 [INFO] 034730: 주간 수익률 5.79%
2025-10-25 20:40:15 [INFO] 📉 기준 이하 종목 수: 0
2025-10-25 20:40:15 [INFO] ✅ 교체 불필요 (모든 종목 유지)
2025-10-25 20:40:15 [INFO] 🧮 백테스트 시작
2025-10-25 20:40:15 [INFO] 005930: 일봉 데이터 30건 수신
2025-10-25 20:40:16 [INFO] 000660: 일봉 데이터 30건 수신
2025-10-25 20:40:16 [INFO] 051910: 일봉 데이터 30건 수신
2025-10-25 20:40:17 [INFO] 207940: 일봉 데이터 30건 수신
2025-10-25 20:40:18 [INFO] 005380: 일봉 데이터 30건 수신
2025-10-25 20:40:18 [INFO] 006400: 일봉 데이터 30건 수신
2025-10-25 20:40:19 [INFO] 028260: 일봉 데이터 30건 수신
2025-10-25 20:40:20 [INFO] 010950: 일봉 데이터 30건 수신
2025-10-25 20:40:20 [INFO] 011170: 일봉 데이터 30건 수신
2025-10-25 20:40:21 [INFO] 034730: 일봉 데이터 30건 수신
2025-10-25 20:40:22 [INFO] 📊 백테스트 결과 → 수익률=32.40%, 변동성=21.24%, Sharpe=1.53
2025-10-25 20:40:22 [INFO] ✅ 백테스트 통과 → 포트폴리오 확정
2025-10-25 20:40:22 [INFO] 💾 current_stocks.json 업데이트 완료 (총 10개)
2025-10-25 20:40:22 [INFO] ✅ 주간 포트폴리오 업데이트 완료
2025-10-25 20:40:22 [INFO] 📁 현재 보유/대상 종목 (10개): ['005930', '000660', '051910', '207940', '005380', '006400', '028260', '010950', '011170', '034730']
2025-10-25 20:40:22 [INFO] 📁 현재 종목 파일 로드 완료 (개수: 10)
2025-10-25 20:40:22 [INFO] 📁 후보 종목 파일 로드 완료 (개수: 20)
2025-10-25 20:40:22 [INFO] 📊 모멘텀 전략 시작 (종목 수: 10)
2025-10-25 20:40:22 [INFO] 005930: 일봉 데이터 30건 수신
2025-10-25 20:40:23 [INFO] 005930: 모멘텀=18.32%, 신호=BUY
2025-10-25 20:40:23 [INFO] 000660: 일봉 데이터 30건 수신
2025-10-25 20:40:24 [INFO] 000660: 모멘텀=45.30%, 신호=BUY
2025-10-25 20:40:24 [INFO] 051910: 일봉 데이터 30건 수신
2025-10-25 20:40:25 [INFO] 051910: 모멘텀=35.93%, 신호=BUY
2025-10-25 20:40:25 [INFO] 207940: 일봉 데이터 30건 수신
2025-10-25 20:40:26 [INFO] 207940: 모멘텀=14.81%, 신호=BUY
2025-10-25 20:40:26 [INFO] 005380: 일봉 데이터 30건 수신
2025-10-25 20:40:28 [INFO] 005380: 모멘텀=15.83%, 신호=BUY
2025-10-25 20:40:28 [INFO] 006400: 일봉 데이터 30건 수신
2025-10-25 20:40:29 [INFO] 006400: 모멘텀=41.20%, 신호=BUY
2025-10-25 20:40:29 [INFO] 028260: 일봉 데이터 30건 수신
2025-10-25 20:40:30 [INFO] 028260: 모멘텀=5.72%, 신호=BUY
2025-10-25 20:40:30 [INFO] 010950: 일봉 데이터 30건 수신
2025-10-25 20:40:31 [INFO] 010950: 모멘텀=27.82%, 신호=BUY
2025-10-25 20:40:31 [INFO] 011170: 일봉 데이터 30건 수신
2025-10-25 20:40:32 [INFO] 011170: 모멘텀=16.46%, 신호=BUY
2025-10-25 20:40:32 [INFO] 034730: 일봉 데이터 30건 수신
2025-10-25 20:40:33 [INFO] 034730: 모멘텀=3.94%, 신호=BUY
2025-10-25 20:40:33 [INFO] ✅ 모멘텀 전략 완료
2025-10-25 20:40:33 [INFO] 005930: 익절 기준 도달 (18.32%) → 매도 고려
2025-10-25 20:40:33 [INFO] 000660: 익절 기준 도달 (45.30%) → 매도 고려
2025-10-25 20:40:33 [INFO] 051910: 익절 기준 도달 (35.93%) → 매도 고려
2025-10-25 20:40:33 [INFO] 207940: 익절 기준 도달 (14.81%) → 매도 고려
2025-10-25 20:40:33 [INFO] 005380: 익절 기준 도달 (15.83%) → 매도 고려
2025-10-25 20:40:33 [INFO] 006400: 익절 기준 도달 (41.20%) → 매도 고려
2025-10-25 20:40:33 [INFO] 028260: 리스크 통과 (최대 투자금 1,000,000원)
2025-10-25 20:40:33 [INFO] 010950: 익절 기준 도달 (27.82%) → 매도 고려
2025-10-25 20:40:33 [INFO] 011170: 익절 기준 도달 (16.46%) → 매도 고려
2025-10-25 20:40:33 [INFO] 034730: 리스크 통과 (최대 투자금 1,000,000원)
2025-10-25 20:40:33 [INFO] ✅ 리스크 필터 통과 종목 수: 2 / 10
2025-10-25 20:40:33 [INFO] ✅ 리스크 필터 통과 종목 수: 2 / 10
2025-10-25 20:40:33 [INFO] 현재 잔고 종목 수: 0개
2025-10-25 20:40:33 [INFO] 💰 현재 계좌에 보유 종목이 없습니다.
2025-10-25 20:40:33 [INFO] 🔹 현재 잔고 종목 수: 0개
2025-10-25 20:40:33 [INFO] 💰 총 잔고: 10,000,000원 / 종목당 투자금: 1,000,000원
2025-10-25 20:40:33 [INFO] 028260 현재가: 209,000원
2025-10-25 20:40:33 [INFO] 📈 매수 대상: 028260 (4주)
2025-10-25 20:40:34 [WARNING] ❌ BUY 주문 실패: {'rt_cd': '1', 'msg_cd': '40100000', 'msg1': '모의투자 영업일이 아닙니다.'}
2025-10-25 20:40:35 [INFO] 034730 현재가: 237,500원
2025-10-25 20:40:35 [INFO] 📈 매수 대상: 034730 (4주)
2025-10-25 20:40:35 [WARNING] ❌ BUY 주문 실패: {'rt_cd': '1', 'msg_cd': '40100000', 'msg1': '모의투자 영업일이 아닙니다.'}
2025-10-25 20:40:36 [INFO] ✅ 매매 루프 완료 (2025-10-25 20:40:36)
2025-10-25 20:40:36 [INFO] ------------------------------------------------------------
2025-10-25 20:43:37 [INFO] 🚀 시스템 트레이딩 실행 시작 (모의투자 모드)
2025-10-25 20:43:37 [INFO] 🔑 Access Token 발급 완료
2025-10-25 20:43:37 [INFO] 📁 현재 종목 로드 완료 (10개)
2025-10-25 20:43:37 [INFO] 📁 후보 종목 로드 완료 (20개)
2025-10-25 20:43:37 [INFO] 🚀 종목 업데이트 + 백테스트 루프 시작
2025-10-25 20:43:37 [INFO] 📊 현재 포트폴리오 수익률 계산 시작
2025-10-25 20:43:37 [INFO] 005930: 일봉 데이터 30건 수신
2025-10-25 20:43:38 [INFO] 005930: 주간 수익률 0.71%
2025-10-25 20:43:38 [INFO] 000660: 일봉 데이터 30건 수신
2025-10-25 20:43:39 [INFO] 000660: 주간 수익률 5.05%
2025-10-25 20:43:39 [INFO] 051910: 일봉 데이터 30건 수신
2025-10-25 20:43:39 [INFO] 051910: 주간 수익률 15.40%
2025-10-25 20:43:39 [INFO] 035420: 일봉 데이터 30건 수신
2025-10-25 20:43:40 [INFO] 035420: 주간 수익률 -4.26%
2025-10-25 20:43:40 [INFO] 068270: 일봉 데이터 30건 수신
2025-10-25 20:43:41 [INFO] 068270: 주간 수익률 -2.37%
2025-10-25 20:43:41 [INFO] 207940: 일봉 데이터 30건 수신
2025-10-25 20:43:41 [INFO] 207940: 주간 수익률 3.79%
2025-10-25 20:43:41 [INFO] 005380: 일봉 데이터 30건 수신
2025-10-25 20:43:42 [INFO] 005380: 주간 수익률 1.81%
2025-10-25 20:43:42 [INFO] 105560: 일봉 데이터 30건 수신
2025-10-25 20:43:42 [INFO] 105560: 주간 수익률 -3.72%
2025-10-25 20:43:43 [INFO] 006400: 일봉 데이터 30건 수신
2025-10-25 20:43:43 [INFO] 006400: 주간 수익률 12.48%
2025-10-25 20:43:43 [INFO] 028260: 일봉 데이터 30건 수신
2025-10-25 20:43:44 [INFO] 028260: 주간 수익률 0.48%
2025-10-25 20:43:44 [INFO] 📉 기준 이하 종목 수: 3
2025-10-25 20:43:44 [INFO] 📈 후보 종목 수익률 계산 중... (보유 중 종목 제외 후 10개)
2025-10-25 20:43:44 [INFO] 034730: 일봉 데이터 30건 수신
2025-10-25 20:43:45 [INFO] 003550: 일봉 데이터 30건 수신
2025-10-25 20:43:46 [INFO] 010950: 일봉 데이터 30건 수신
2025-10-25 20:43:48 [INFO] 011170: 일봉 데이터 30건 수신
2025-10-25 20:43:49 [INFO] 032830: 일봉 데이터 30건 수신
2025-10-25 20:43:50 [INFO] 017670: 일봉 데이터 30건 수신
2025-10-25 20:43:52 [INFO] 000270: 일봉 데이터 30건 수신
2025-10-25 20:43:53 [INFO] 035720: 일봉 데이터 30건 수신
2025-10-25 20:43:54 [INFO] 018260: 일봉 데이터 30건 수신
2025-10-25 20:43:55 [INFO] 012330: 일봉 데이터 30건 수신
2025-10-25 20:43:57 [INFO] 🔄 교체 완료 → 3개 종목 교체됨
2025-10-25 20:43:57 [INFO] 📁 새로운 종목 리스트 (총 10개): ['005930', '000660', '051910', '207940', '005380', '006400', '028260', '010950', '011170', '034730']
2025-10-25 20:43:57 [INFO] 💾 current_stocks.json 업데이트 완료 (총 10개)
2025-10-25 20:43:57 [INFO] 🧮 백테스트 시작
2025-10-25 20:43:57 [INFO] 005930: 일봉 데이터 30건 수신
2025-10-25 20:43:57 [INFO] 000660: 일봉 데이터 30건 수신
2025-10-25 20:43:58 [INFO] 051910: 일봉 데이터 30건 수신
2025-10-25 20:43:59 [INFO] 207940: 일봉 데이터 30건 수신
2025-10-25 20:44:00 [INFO] 005380: 일봉 데이터 30건 수신
2025-10-25 20:44:00 [INFO] 006400: 일봉 데이터 30건 수신
2025-10-25 20:44:01 [INFO] 028260: 일봉 데이터 30건 수신
2025-10-25 20:44:02 [INFO] 010950: 일봉 데이터 30건 수신
2025-10-25 20:44:02 [INFO] 011170: 일봉 데이터 30건 수신
2025-10-25 20:44:03 [INFO] 034730: 일봉 데이터 30건 수신
2025-10-25 20:44:04 [INFO] 📊 백테스트 결과 → 수익률=32.40%, 변동성=21.24%, Sharpe=1.53
2025-10-25 20:44:04 [INFO] ✅ 백테스트 통과 → 포트폴리오 확정
2025-10-25 20:44:04 [INFO] 💾 current_stocks.json 업데이트 완료 (총 10개)
2025-10-25 20:44:04 [INFO] ✅ 주간 포트폴리오 업데이트 완료
2025-10-25 20:44:04 [INFO] 📁 현재 보유/대상 종목 (10개): ['005930', '000660', '051910', '207940', '005380', '006400', '028260', '010950', '011170', '034730']
2025-10-25 20:44:04 [INFO] 📁 현재 종목 파일 로드 완료 (개수: 10)
2025-10-25 20:44:04 [INFO] 📁 후보 종목 파일 로드 완료 (개수: 20)
2025-10-25 20:44:04 [INFO] 📊 모멘텀 전략 시작 (종목 수: 10)
2025-10-25 20:44:04 [INFO] 005930: 일봉 데이터 30건 수신
2025-10-25 20:44:05 [INFO] 005930: 모멘텀=18.32%, 신호=BUY
2025-10-25 20:44:05 [INFO] 000660: 일봉 데이터 30건 수신
2025-10-25 20:44:06 [INFO] 000660: 모멘텀=45.30%, 신호=BUY
2025-10-25 20:44:06 [INFO] 051910: 일봉 데이터 30건 수신
2025-10-25 20:44:07 [INFO] 051910: 모멘텀=35.93%, 신호=BUY
2025-10-25 20:44:07 [INFO] 207940: 일봉 데이터 30건 수신
2025-10-25 20:44:08 [INFO] 207940: 모멘텀=14.81%, 신호=BUY
2025-10-25 20:44:08 [INFO] 005380: 일봉 데이터 30건 수신
2025-10-25 20:44:09 [INFO] 005380: 모멘텀=15.83%, 신호=BUY
2025-10-25 20:44:09 [INFO] 006400: 일봉 데이터 30건 수신
2025-10-25 20:44:11 [INFO] 006400: 모멘텀=41.20%, 신호=BUY
2025-10-25 20:44:11 [INFO] 028260: 일봉 데이터 30건 수신
2025-10-25 20:44:12 [INFO] 028260: 모멘텀=5.72%, 신호=BUY
2025-10-25 20:44:12 [INFO] 010950: 일봉 데이터 30건 수신
2025-10-25 20:44:13 [INFO] 010950: 모멘텀=27.82%, 신호=BUY
2025-10-25 20:44:13 [INFO] 011170: 일봉 데이터 30건 수신
2025-10-25 20:44:14 [INFO] 011170: 모멘텀=16.46%, 신호=BUY
2025-10-25 20:44:14 [INFO] 034730: 일봉 데이터 30건 수신
2025-10-25 20:44:15 [INFO] 034730: 모멘텀=3.94%, 신호=BUY
2025-10-25 20:44:15 [INFO] ✅ 모멘텀 전략 완료
2025-10-25 20:44:15 [INFO] 005930: 익절 기준 도달 (18.32%) → 매도 고려
2025-10-25 20:44:15 [INFO] 000660: 익절 기준 도달 (45.30%) → 매도 고려
2025-10-25 20:44:15 [INFO] 051910: 익절 기준 도달 (35.93%) → 매도 고려
2025-10-25 20:44:15 [INFO] 207940: 익절 기준 도달 (14.81%) → 매도 고려
2025-10-25 20:44:15 [INFO] 005380: 익절 기준 도달 (15.83%) → 매도 고려
2025-10-25 20:44:15 [INFO] 006400: 익절 기준 도달 (41.20%) → 매도 고려
2025-10-25 20:44:15 [INFO] 028260: 리스크 통과 (최대 투자금 1,000,000원)
2025-10-25 20:44:15 [INFO] 010950: 익절 기준 도달 (27.82%) → 매도 고려
2025-10-25 20:44:15 [INFO] 011170: 익절 기준 도달 (16.46%) → 매도 고려
2025-10-25 20:44:15 [INFO] 034730: 리스크 통과 (최대 투자금 1,000,000원)
2025-10-25 20:44:15 [INFO] ✅ 리스크 필터 통과 종목 수: 2 / 10
2025-10-25 20:44:15 [INFO] ✅ 리스크 필터 통과 종목 수: 2 / 10
2025-10-25 20:44:15 [INFO] 현재 잔고 종목 수: 0개
2025-10-25 20:44:15 [INFO] 💰 현재 계좌에 보유 종목이 없습니다.
2025-10-25 20:44:15 [INFO] 🔹 현재 잔고 종목 수: 0개
2025-10-25 20:44:15 [INFO] 💰 총 잔고: 10,000,000원 / 종목당 투자금: 1,000,000원
2025-10-25 20:44:15 [INFO] 028260 현재가: 209,000원
2025-10-25 20:44:15 [INFO] 📈 매수 대상: 028260 (4주)
2025-10-25 20:44:15 [WARNING] ❌ BUY 주문 실패: {'rt_cd': '1', 'msg_cd': 'EGW00201', 'msg1': '초당 거래건수를 초과하였습니다.'}
2025-10-25 20:44:16 [INFO] 034730 현재가: 237,500원
2025-10-25 20:44:16 [INFO] 📈 매수 대상: 034730 (4주)
2025-10-25 20:44:17 [WARNING] ❌ BUY 주문 실패: {'rt_cd': '1', 'msg_cd': '40100000', 'msg1': '모의투자 영업일이 아닙니다.'}
2025-10-25 20:44:18 [INFO] ✅ 매매 루프 완료 (2025-10-25 20:44:18)
2025-10-25 20:44:18 [INFO] ------------------------------------------------------------
