2025-11-04 19:34:56 [INFO] 🚀 일일 자동매매 시작
2025-11-04 19:35:07 [ERROR] ❌ 평가금액 조회 실패: HTTPSConnectionPool(host='openapivts.koreainvestment.com', port=29443): Read timed out. (read timeout=10)
2025-11-04 19:35:08 [INFO] 📁 현재 종목 로드 완료 (10개)
2025-11-04 19:35:08 [INFO] 📁 후보 종목 로드 완료 (20개)
2025-11-04 19:35:08 [INFO] 📁 현재 종목 로드 완료 (10개)
2025-11-04 19:35:08 [INFO] 📁 현재 종목 파일 로드 완료 (개수: 10)
2025-11-04 19:35:08 [INFO] 📁 후보 종목 파일 로드 완료 (개수: 20)
2025-11-04 19:35:08 [INFO] 📊 모멘텀 전략 시작 (종목 수: 10)
2025-11-04 19:35:08 [INFO] 005930: 일봉 데이터 30건 수신
2025-11-04 19:35:09 [INFO] 005930: 모멘텀=21.98%, 신호=BUY
2025-11-04 19:35:09 [INFO] 000660: 일봉 데이터 30건 수신
2025-11-04 19:35:10 [INFO] 000660: 모멘텀=62.78%, 신호=BUY
2025-11-04 19:35:10 [INFO] 051910: 일봉 데이터 30건 수신
2025-11-04 19:35:12 [INFO] 051910: 모멘텀=40.32%, 신호=BUY
2025-11-04 19:35:12 [INFO] 035420: 일봉 데이터 30건 수신
2025-11-04 19:35:13 [INFO] 035420: 모멘텀=4.91%, 신호=BUY
2025-11-04 19:35:13 [INFO] 068270: 일봉 데이터 30건 수신
2025-11-04 19:35:14 [INFO] 068270: 모멘텀=0.69%, 신호=HOLD
2025-11-04 19:35:14 [INFO] 005380: 일봉 데이터 30건 수신
2025-11-04 19:35:15 [INFO] 005380: 모멘텀=28.07%, 신호=BUY
2025-11-04 19:35:15 [INFO] 105560: 일봉 데이터 30건 수신
2025-11-04 19:35:16 [INFO] 105560: 모멘텀=4.82%, 신호=BUY
2025-11-04 19:35:16 [INFO] 006400: 일봉 데이터 30건 수신
2025-11-04 19:35:17 [INFO] 006400: 모멘텀=65.44%, 신호=BUY
2025-11-04 19:35:17 [INFO] 028260: 일봉 데이터 30건 수신
2025-11-04 19:35:18 [INFO] 028260: 모멘텀=17.24%, 신호=BUY
2025-11-04 19:35:19 [INFO] 034730: 일봉 데이터 30건 수신
2025-11-04 19:35:20 [INFO] 034730: 모멘텀=20.57%, 신호=BUY
2025-11-04 19:35:20 [INFO] ✅ 모멘텀 전략 완료
2025-11-04 19:35:20 [INFO] 005930: 익절 기준 도달 (21.98%) → 매도 고려
2025-11-04 19:35:20 [INFO] 000660: 익절 기준 도달 (62.78%) → 매도 고려
2025-11-04 19:35:20 [INFO] 051910: 익절 기준 도달 (40.32%) → 매도 고려
2025-11-04 19:35:20 [INFO] 035420: 리스크 통과 (최대 투자금 0원)
2025-11-04 19:35:20 [INFO] 068270: 리스크 통과 (최대 투자금 0원)
2025-11-04 19:35:20 [INFO] 005380: 익절 기준 도달 (28.07%) → 매도 고려
2025-11-04 19:35:20 [INFO] 105560: 리스크 통과 (최대 투자금 0원)
2025-11-04 19:35:20 [INFO] 006400: 익절 기준 도달 (65.44%) → 매도 고려
2025-11-04 19:35:20 [INFO] 028260: 익절 기준 도달 (17.24%) → 매도 고려
2025-11-04 19:35:20 [INFO] 034730: 익절 기준 도달 (20.57%) → 매도 고려
2025-11-04 19:35:20 [INFO] ✅ 리스크 통과 종목: ['035420', '068270', '105560']
2025-11-04 19:35:20 [INFO] 📁 후보 종목 로드 완료 (20개)
2025-11-04 19:35:21 [ERROR] ⚠️ SELL 주문 실패: 005930, 사유=모의투자 장종료 입니다.
2025-11-04 19:35:21 [ERROR] ⚠️ SELL 주문 실패: 005930 (삼성전자), 사유=모의투자 장종료 입니다.
2025-11-04 19:35:22 [ERROR] ⚠️ SELL 주문 실패: 000660, 사유=모의투자 장종료 입니다.
2025-11-04 19:35:22 [ERROR] ⚠️ SELL 주문 실패: 000660 (SK하이닉스), 사유=모의투자 장종료 입니다.
2025-11-04 19:35:24 [ERROR] ⚠️ SELL 주문 실패: 051910, 사유=모의투자 장종료 입니다.
2025-11-04 19:35:24 [ERROR] ⚠️ SELL 주문 실패: 051910 (LG화학), 사유=모의투자 장종료 입니다.
2025-11-04 19:35:26 [ERROR] ⚠️ SELL 주문 실패: 005380, 사유=모의투자 장종료 입니다.
2025-11-04 19:35:26 [ERROR] ⚠️ SELL 주문 실패: 005380 (현대차), 사유=모의투자 장종료 입니다.
2025-11-04 19:35:27 [ERROR] ⚠️ SELL 주문 실패: 006400, 사유=모의투자 장종료 입니다.
2025-11-04 19:35:27 [ERROR] ⚠️ SELL 주문 실패: 006400 (삼성SDI), 사유=모의투자 장종료 입니다.
2025-11-04 19:35:29 [ERROR] ⚠️ SELL 주문 실패: 028260, 사유=모의투자 장종료 입니다.
2025-11-04 19:35:29 [ERROR] ⚠️ SELL 주문 실패: 028260 (삼성물산), 사유=모의투자 장종료 입니다.
2025-11-04 19:35:30 [ERROR] ⚠️ SELL 주문 실패: 034730, 사유=모의투자 장종료 입니다.
2025-11-04 19:35:30 [ERROR] ⚠️ SELL 주문 실패: 034730 (SK), 사유=모의투자 장종료 입니다.
2025-11-04 19:35:32 [ERROR] ⚠️ BUY 주문 실패: 207940, 사유=모의투자 장종료 입니다.
2025-11-04 19:35:32 [ERROR] ⚠️ BUY 주문 실패: 207940 (삼성바이오로직스), 사유=모의투자 장종료 입니다.
2025-11-04 19:35:33 [ERROR] ⚠️ BUY 주문 실패: 003550, 사유=모의투자 장종료 입니다.
2025-11-04 19:35:33 [ERROR] ⚠️ BUY 주문 실패: 003550 (LG), 사유=모의투자 장종료 입니다.
2025-11-04 19:35:35 [ERROR] ⚠️ BUY 주문 실패: 010950, 사유=모의투자 장종료 입니다.
2025-11-04 19:35:35 [ERROR] ⚠️ BUY 주문 실패: 010950 (S-Oil), 사유=모의투자 장종료 입니다.
2025-11-04 19:37:07 [INFO] 🚀 일일 자동매매 시작
2025-11-04 19:37:17 [ERROR] ❌ 평가금액 조회 실패: HTTPSConnectionPool(host='openapivts.koreainvestment.com', port=29443): Read timed out. (read timeout=10)
2025-11-04 19:37:18 [INFO] 📁 현재 종목 로드 완료 (10개)
2025-11-04 19:37:18 [INFO] 📁 후보 종목 로드 완료 (20개)
2025-11-04 19:37:18 [INFO] 📁 현재 종목 로드 완료 (10개)
2025-11-04 19:37:18 [INFO] 📁 현재 종목 파일 로드 완료 (개수: 10)
2025-11-04 19:37:19 [INFO] 📁 후보 종목 파일 로드 완료 (개수: 20)
2025-11-04 19:37:19 [INFO] 📊 모멘텀 전략 시작 (종목 수: 10)
2025-11-04 19:37:19 [INFO] 005930: 일봉 데이터 30건 수신
2025-11-04 19:37:20 [INFO] 005930: 모멘텀=21.98%, 신호=BUY
2025-11-04 19:37:20 [INFO] 000660: 일봉 데이터 30건 수신
2025-11-04 19:37:21 [INFO] 000660: 모멘텀=62.78%, 신호=BUY
2025-11-04 19:37:21 [INFO] 051910: 일봉 데이터 30건 수신
2025-11-04 19:37:22 [INFO] 051910: 모멘텀=40.32%, 신호=BUY
2025-11-04 19:37:22 [INFO] 035420: 일봉 데이터 30건 수신
2025-11-04 19:37:23 [INFO] 035420: 모멘텀=4.91%, 신호=BUY
2025-11-04 19:37:23 [INFO] 068270: 일봉 데이터 30건 수신
2025-11-04 19:37:24 [INFO] 068270: 모멘텀=0.69%, 신호=HOLD
2025-11-04 19:37:24 [INFO] 005380: 일봉 데이터 30건 수신
2025-11-04 19:37:25 [INFO] 005380: 모멘텀=28.07%, 신호=BUY
2025-11-04 19:37:26 [INFO] 105560: 일봉 데이터 30건 수신
2025-11-04 19:37:27 [INFO] 105560: 모멘텀=4.82%, 신호=BUY
2025-11-04 19:37:27 [INFO] 006400: 일봉 데이터 30건 수신
2025-11-04 19:37:28 [INFO] 006400: 모멘텀=65.44%, 신호=BUY
2025-11-04 19:37:28 [INFO] 028260: 일봉 데이터 30건 수신
2025-11-04 19:37:29 [INFO] 028260: 모멘텀=17.24%, 신호=BUY
2025-11-04 19:37:29 [INFO] 034730: 일봉 데이터 30건 수신
2025-11-04 19:37:30 [INFO] 034730: 모멘텀=20.57%, 신호=BUY
2025-11-04 19:37:30 [INFO] ✅ 모멘텀 전략 완료
2025-11-04 19:37:30 [INFO] 005930: 익절 기준 도달 (21.98%) → 매도 고려
2025-11-04 19:37:30 [INFO] 000660: 익절 기준 도달 (62.78%) → 매도 고려
2025-11-04 19:37:30 [INFO] 051910: 익절 기준 도달 (40.32%) → 매도 고려
2025-11-04 19:37:30 [INFO] 035420: 리스크 통과 (최대 투자금 0원)
2025-11-04 19:37:30 [INFO] 068270: 리스크 통과 (최대 투자금 0원)
2025-11-04 19:37:30 [INFO] 005380: 익절 기준 도달 (28.07%) → 매도 고려
2025-11-04 19:37:30 [INFO] 105560: 리스크 통과 (최대 투자금 0원)
2025-11-04 19:37:30 [INFO] 006400: 익절 기준 도달 (65.44%) → 매도 고려
2025-11-04 19:37:30 [INFO] 028260: 익절 기준 도달 (17.24%) → 매도 고려
2025-11-04 19:37:30 [INFO] 034730: 익절 기준 도달 (20.57%) → 매도 고려
2025-11-04 19:37:30 [INFO] ✅ 리스크 통과 종목: ['035420', '068270', '105560']
2025-11-04 19:37:30 [INFO] 📁 후보 종목 로드 완료 (20개)
2025-11-04 19:37:31 [ERROR] ⚠️ SELL 주문 실패: 005930, 사유=모의투자 장종료 입니다.
2025-11-04 19:37:31 [ERROR] ⚠️ SELL 주문 실패: 005930 (삼성전자), 사유=모의투자 장종료 입니다.
2025-11-04 19:37:33 [ERROR] ⚠️ SELL 주문 실패: 000660, 사유=모의투자 장종료 입니다.
2025-11-04 19:37:33 [ERROR] ⚠️ SELL 주문 실패: 000660 (SK하이닉스), 사유=모의투자 장종료 입니다.
2025-11-04 19:37:34 [ERROR] ⚠️ SELL 주문 실패: 051910, 사유=모의투자 장종료 입니다.
2025-11-04 19:37:34 [ERROR] ⚠️ SELL 주문 실패: 051910 (LG화학), 사유=모의투자 장종료 입니다.
2025-11-04 19:37:36 [ERROR] ⚠️ SELL 주문 실패: 005380, 사유=모의투자 장종료 입니다.
2025-11-04 19:37:36 [ERROR] ⚠️ SELL 주문 실패: 005380 (현대차), 사유=모의투자 장종료 입니다.
2025-11-04 19:47:38 [ERROR] ❌ SELL 주문 중 오류 발생: HTTPSConnectionPool(host='openapivts.koreainvestment.com', port=29443): Max retries exceeded with url: /uapi/domestic-stock/v1/trading/order-cash (Caused by SSLError(SSLZeroReturnError(6, 'TLS/SSL connection has been closed (EOF) (_ssl.c:1131)')))
2025-11-04 19:47:38 [ERROR] ⚠️ SELL 주문 실패: 006400 (삼성SDI), 사유=HTTPSConnectionPool(host='openapivts.koreainvestment.com', port=29443): Max retries exceeded with url: /uapi/domestic-stock/v1/trading/order-cash (Caused by SSLError(SSLZeroReturnError(6, 'TLS/SSL connection has been closed (EOF) (_ssl.c:1131)')))
2025-11-04 19:47:39 [ERROR] ❌ SELL 주문 실패 (500): {"rt_cd":"1","msg_cd":"EGW00201","msg1":"초당 거래건수를 초과하였습니다."}
2025-11-04 19:47:39 [ERROR] ⚠️ SELL 주문 실패: 028260 (삼성물산), 사유=HTTP 500 오류: {"rt_cd":"1","msg_cd":"EGW00201","msg1":"초당 거래건수를 초과하였습니다."}
2025-11-04 19:57:42 [ERROR] ❌ 현재가 조회 실패: 034730 → HTTPSConnectionPool(host='openapivts.koreainvestment.com', port=29443): Max retries exceeded with url: /uapi/domestic-stock/v1/quotations/inquire-price?fid_cond_mrkt_div_code=J&fid_input_iscd=034730 (Caused by SSLError(SSLZeroReturnError(6, 'TLS/SSL connection has been closed (EOF) (_ssl.c:1131)')))
2025-11-04 19:57:42 [ERROR] ⚠️ SELL 주문 실패: 034730 (SK) → 현재가 조회 실패
2025-11-04 19:57:42 [ERROR] ⚠️ BUY 주문 실패: 207940, 사유=모의투자 장종료 입니다.
2025-11-04 19:57:42 [ERROR] ⚠️ BUY 주문 실패: 207940 (삼성바이오로직스), 사유=모의투자 장종료 입니다.
2025-11-04 19:57:44 [ERROR] ⚠️ BUY 주문 실패: 003550, 사유=모의투자 장종료 입니다.
2025-11-04 19:57:44 [ERROR] ⚠️ BUY 주문 실패: 003550 (LG), 사유=모의투자 장종료 입니다.
2025-11-04 19:57:45 [ERROR] ⚠️ BUY 주문 실패: 010950, 사유=모의투자 장종료 입니다.
2025-11-04 19:57:45 [ERROR] ⚠️ BUY 주문 실패: 010950 (S-Oil), 사유=모의투자 장종료 입니다.
2025-11-04 19:57:47 [ERROR] ⚠️ BUY 주문 실패: 011170, 사유=모의투자 장종료 입니다.
2025-11-04 19:57:47 [ERROR] ⚠️ BUY 주문 실패: 011170 (롯데케미칼), 사유=모의투자 장종료 입니다.
2025-11-04 19:57:48 [ERROR] ⚠️ BUY 주문 실패: 032830, 사유=모의투자 장종료 입니다.
2025-11-04 19:57:48 [ERROR] ⚠️ BUY 주문 실패: 032830 (삼성생명), 사유=모의투자 장종료 입니다.
2025-11-04 19:57:50 [ERROR] ⚠️ BUY 주문 실패: 017670, 사유=모의투자 장종료 입니다.
2025-11-04 19:57:50 [ERROR] ⚠️ BUY 주문 실패: 017670 (SK텔레콤), 사유=모의투자 장종료 입니다.
2025-11-04 20:07:52 [ERROR] ❌ 현재가 조회 실패: 000270 → HTTPSConnectionPool(host='openapivts.koreainvestment.com', port=29443): Max retries exceeded with url: /uapi/domestic-stock/v1/quotations/inquire-price?fid_cond_mrkt_div_code=J&fid_input_iscd=000270 (Caused by SSLError(SSLZeroReturnError(6, 'TLS/SSL connection has been closed (EOF) (_ssl.c:1131)')))
2025-11-04 20:07:52 [ERROR] ⚠️ BUY 주문 실패: 000270 (기아) → 현재가 조회 실패
2025-11-04 20:07:53 [INFO] 💰 계좌 평가금액: 500,337,075원 / 예수금: 497,887,294원
2025-11-04 20:07:53 [INFO] 🔄 포트폴리오 갱신 완료 → 평가금 500,337,075원, 수익률 0.00%
2025-11-04 20:07:53 [INFO] 💾 current_stocks.json 업데이트 완료 (총 10개)
2025-11-04 20:07:54 [INFO] ✅ 일일 자동매매 종료
